[    0.000000] Initializing cgroup subsys cpuset
[    0.000000] Initializing cgroup subsys cpu
[    0.000000] Initializing cgroup subsys cpuacct
[    0.000000] Linux version 4.4.0-96-generic (buildd@lgw01-10) (gcc version 5.4.0 20160609 (Ubuntu 5.4.0-6ubuntu1~16.04.4) ) #119-Ubuntu SMP Tue Sep 12 14:59:54 UTC 2017 (Ubuntu 4.4.0-96.119-generic 4.4.83)
[    0.000000] Command line: BOOT_IMAGE=/boot/vmlinuz-4.4.0-96-generic root=UUID=ce24233e-85c4-4f5b-a084-25bb2493ad65 ro console=tty1 console=ttyS0
[    0.000000] KERNEL supported cpus:
[    0.000000]   Intel GenuineIntel
[    0.000000]   AMD AuthenticAMD
[    0.000000]   Centaur CentaurHauls
[    0.000000] x86/fpu: xstate_offset[2]:  576, xstate_sizes[2]:  256
[    0.000000] x86/fpu: Supporting XSAVE feature 0x01: 'x87 floating point registers'
[    0.000000] x86/fpu: Supporting XSAVE feature 0x02: 'SSE registers'
[    0.000000] x86/fpu: Supporting XSAVE feature 0x04: 'AVX registers'
[    0.000000] x86/fpu: Enabled xstate features 0x7, context size is 832 bytes, using 'standard' format.
[    0.000000] x86/fpu: Using 'lazy' FPU context switches.
[    0.000000] e820: BIOS-provided physical RAM map:
[    0.000000] BIOS-e820: [mem 0x0000000000000000-0x000000000009fbff] usable
[    0.000000] BIOS-e820: [mem 0x000000000009fc00-0x000000000009ffff] reserved
[    0.000000] BIOS-e820: [mem 0x00000000000f0000-0x00000000000fffff] reserved
[    0.000000] BIOS-e820: [mem 0x0000000000100000-0x000000003ffeffff] usable
[    0.000000] BIOS-e820: [mem 0x000000003fff0000-0x000000003fffffff] ACPI data
[    0.000000] BIOS-e820: [mem 0x00000000fec00000-0x00000000fec00fff] reserved
[    0.000000] BIOS-e820: [mem 0x00000000fee00000-0x00000000fee00fff] reserved
[    0.000000] BIOS-e820: [mem 0x00000000fffc0000-0x00000000ffffffff] reserved
[    0.000000] NX (Execute Disable) protection: active
[    0.000000] SMBIOS 2.5 present.
[    0.000000] Hypervisor detected: KVM
[    0.000000] e820: last_pfn = 0x3fff0 max_arch_pfn = 0x400000000
[    0.000000] MTRR: Disabled
[    0.000000] x86/PAT: MTRRs disabled, skipping PAT initialization too.
[    0.000000] CPU MTRRs all blank - virtualized system.
[    0.000000] x86/PAT: Configuration [0-7]: WB  WT  UC- UC  WB  WT  UC- UC  
[    0.000000] found SMP MP-table at [mem 0x0009fff0-0x0009ffff] mapped at [ffff88000009fff0]
[    0.000000] Scanning 1 areas for low memory corruption
[    0.000000] RAMDISK: [mem 0x36232000-0x37110fff]
[    0.000000] ACPI: Early table checksum verification disabled
[    0.000000] ACPI: RSDP 0x00000000000E0000 000024 (v02 VBOX  )
[    0.000000] ACPI: XSDT 0x000000003FFF0030 00003C (v01 VBOX   VBOXXSDT 00000001 ASL  00000061)
[    0.000000] ACPI: FACP 0x000000003FFF00F0 0000F4 (v04 VBOX   VBOXFACP 00000001 ASL  00000061)
[    0.000000] ACPI: DSDT 0x000000003FFF0470 0021C8 (v02 VBOX   VBOXBIOS 00000002 INTL 20100528)
[    0.000000] ACPI: FACS 0x000000003FFF0200 000040
[    0.000000] ACPI: FACS 0x000000003FFF0200 000040
[    0.000000] ACPI: APIC 0x000000003FFF0240 00005C (v02 VBOX   VBOXAPIC 00000001 ASL  00000061)
[    0.000000] ACPI: SSDT 0x000000003FFF02A0 0001CC (v01 VBOX   VBOXCPUT 00000002 INTL 20100528)
[    0.000000] No NUMA configuration found
[    0.000000] Faking a node at [mem 0x0000000000000000-0x000000003ffeffff]
[    0.000000] NODE_DATA(0) allocated [mem 0x3ffeb000-0x3ffeffff]
[    0.000000] kvm-clock: Using msrs 4b564d01 and 4b564d00
[    0.000000] kvm-clock: cpu 0, msr 0:3ffe3001, primary cpu clock
[    0.000000] kvm-clock: using sched offset of 3084499494 cycles
[    0.000000] clocksource: kvm-clock: mask: 0xffffffffffffffff max_cycles: 0x1cd42e4dffb, max_idle_ns: 881590591483 ns
[    0.000000] Zone ranges:
[    0.000000]   DMA      [mem 0x0000000000001000-0x0000000000ffffff]
[    0.000000]   DMA32    [mem 0x0000000001000000-0x000000003ffeffff]
[    0.000000]   Normal   empty
[    0.000000]   Device   empty
[    0.000000] Movable zone start for each node
[    0.000000] Early memory node ranges
[    0.000000]   node   0: [mem 0x0000000000001000-0x000000000009efff]
[    0.000000]   node   0: [mem 0x0000000000100000-0x000000003ffeffff]
[    0.000000] Initmem setup node 0 [mem 0x0000000000001000-0x000000003ffeffff]
[    0.000000] ACPI: PM-Timer IO Port: 0x4008
[    0.000000] IOAPIC[0]: apic_id 2, version 32, address 0xfec00000, GSI 0-23
[    0.000000] ACPI: INT_SRC_OVR (bus 0 bus_irq 0 global_irq 2 dfl dfl)
[    0.000000] ACPI: INT_SRC_OVR (bus 0 bus_irq 9 global_irq 9 high level)
[    0.000000] Using ACPI (MADT) for SMP configuration information
[    0.000000] smpboot: Allowing 2 CPUs, 0 hotplug CPUs
[    0.000000] PM: Registered nosave memory: [mem 0x00000000-0x00000fff]
[    0.000000] PM: Registered nosave memory: [mem 0x0009f000-0x0009ffff]
[    0.000000] PM: Registered nosave memory: [mem 0x000a0000-0x000effff]
[    0.000000] PM: Registered nosave memory: [mem 0x000f0000-0x000fffff]
[    0.000000] e820: [mem 0x40000000-0xfebfffff] available for PCI devices
[    0.000000] Booting paravirtualized kernel on KVM
[    0.000000] clocksource: refined-jiffies: mask: 0xffffffff max_cycles: 0xffffffff, max_idle_ns: 7645519600211568 ns
[    0.000000] setup_percpu: NR_CPUS:512 nr_cpumask_bits:512 nr_cpu_ids:2 nr_node_ids:1
[    0.000000] PERCPU: Embedded 34 pages/cpu @ffff88003fc00000 s98328 r8192 d32744 u1048576
[    0.000000] PV qspinlock hash table entries: 256 (order: 0, 4096 bytes)
[    0.000000] Built 1 zonelists in Node order, mobility grouping on.  Total pages: 257913
[    0.000000] Policy zone: DMA32
[    0.000000] Kernel command line: BOOT_IMAGE=/boot/vmlinuz-4.4.0-96-generic root=UUID=ce24233e-85c4-4f5b-a084-25bb2493ad65 ro console=tty1 console=ttyS0
[    0.000000] PID hash table entries: 4096 (order: 3, 32768 bytes)
[    0.000000] Memory: 997336K/1048120K available (8479K kernel code, 1294K rwdata, 3984K rodata, 1492K init, 1316K bss, 50784K reserved, 0K cma-reserved)
[    0.000000] SLUB: HWalign=64, Order=0-3, MinObjects=0, CPUs=2, Nodes=1
[    0.000000] Hierarchical RCU implementation.
[    0.000000] 	Build-time adjustment of leaf fanout to 64.
[    0.000000] 	RCU restricting CPUs from NR_CPUS=512 to nr_cpu_ids=2.
[    0.000000] RCU: Adjusting geometry for rcu_fanout_leaf=64, nr_cpu_ids=2
[    0.000000] NR_IRQS:33024 nr_irqs:440 16
[    0.000000] Console: colour VGA+ 80x25
[    0.000000] console [tty1] enabled
[    0.000000] console [ttyS0] enabled
[    0.000000] tsc: Detected 3400.026 MHz processor
[    2.240258] Calibrating delay loop (skipped) preset value.. 6800.05 BogoMIPS (lpj=13600104)
[    2.246114] pid_max: default: 32768 minimum: 301
[    2.250432] ACPI: Core revision 20150930
[    2.253970] ACPI: 2 ACPI AML tables successfully acquired and loaded
[    2.267652] Security Framework initialized
[    2.268504] Yama: becoming mindful.
[    2.269180] AppArmor: AppArmor initialized
[    2.270091] Dentry cache hash table entries: 131072 (order: 8, 1048576 bytes)
[    2.274221] Inode-cache hash table entries: 65536 (order: 7, 524288 bytes)
[    2.277147] Mount-cache hash table entries: 2048 (order: 2, 16384 bytes)
[    2.284866] Mountpoint-cache hash table entries: 2048 (order: 2, 16384 bytes)
[    2.288664] Initializing cgroup subsys io
[    2.294462] Initializing cgroup subsys memory
[    2.295499] Initializing cgroup subsys devices
[    2.296288] Initializing cgroup subsys freezer
[    2.297056] Initializing cgroup subsys net_cls
[    2.297844] Initializing cgroup subsys perf_event
[    2.300096] Initializing cgroup subsys net_prio
[    2.302361] Initializing cgroup subsys hugetlb
[    2.303380] Initializing cgroup subsys pids
[    2.304440] CPU: Physical Processor ID: 0
[    2.307482] CPU: Processor Core ID: 0
[    2.312352] mce: CPU supports 0 MCE banks
[    2.318662] Last level iTLB entries: 4KB 512, 2MB 8, 4MB 8
[    2.320083] Last level dTLB entries: 4KB 512, 2MB 32, 4MB 32, 1GB 0
[    2.327715] Freeing SMP alternatives memory: 32K
[    2.347295] ftrace: allocating 32146 entries in 126 pages
[    2.403110] smpboot: APIC(0) Converting physical 0 to logical package 0
[    2.475880] smpboot: Max logical packages: 1
[    2.545613] x2apic enabled
[    2.590758] Switched APIC routing to physical x2apic.
[    2.625427] ..TIMER: vector=0x30 apic1=0 pin1=2 apic2=-1 pin2=-1
[    2.767411] smpboot: CPU0: Intel(R) Core(TM) i7-2600K CPU @ 3.40GHz (family: 0x6, model: 0x2a, stepping: 0x7)
[    2.844815] Performance Events: unsupported p6 CPU model 42 no PMU driver, software events only.
[    2.944452] KVM setup paravirtual spinlock
[    2.952530] x86: Booting SMP configuration:
[    2.954676] .... node  #0, CPUs:      #1
[    3.001747] kvm-clock: cpu 1, msr 0:3ffe3041, secondary cpu clock
[    3.006540] mce: CPU supports 0 MCE banks
[    3.009039] x86: Booted up 1 node, 2 CPUs
[    3.082238] smpboot: Total of 2 processors activated (13600.10 BogoMIPS)
[    3.200493] devtmpfs: initialized
[    3.247349] evm: security.selinux
[    3.284211] evm: security.SMACK64
[    3.295959] evm: security.SMACK64EXEC
[    3.301263] evm: security.SMACK64TRANSMUTE
[    3.314000] evm: security.SMACK64MMAP
[    3.314704] evm: security.ima
[    3.315334] evm: security.capability
[    3.322723] clocksource: jiffies: mask: 0xffffffff max_cycles: 0xffffffff, max_idle_ns: 7645041785100000 ns
[    3.338749] futex hash table entries: 512 (order: 3, 32768 bytes)
[    3.371002] pinctrl core: initialized pinctrl subsystem
[    3.381609] RTC time: 16:24:08, date: 09/24/17
[    3.470498] NET: Registered protocol family 16
[    3.528065] cpuidle: using governor ladder
[    3.576103] cpuidle: using governor menu
[    3.630134] PCCT header not found.
[    3.639937] ACPI: bus type PCI registered
[    3.650321] acpiphp: ACPI Hot Plug PCI Controller Driver version: 0.5
[    3.654781] PCI: Using configuration type 1 for base access
[    3.672488] ACPI: Added _OSI(Module Device)
[    3.686798] ACPI: Added _OSI(Processor Device)
[    3.689167] ACPI: Added _OSI(3.0 _SCP Extensions)
[    3.725190] ACPI: Added _OSI(Processor Aggregator Device)
[    3.726450] ACPI: Executed 1 blocks of module-level executable AML code
[    3.847773] ACPI: Interpreter enabled
[    3.900735] ACPI: (supports S0 S5)
[    3.904576] ACPI: Using IOAPIC for interrupt routing
[    3.979107] PCI: Using host bridge windows from ACPI; if necessary, use "pci=nocrs" and report a bug
[    4.059464] ACPI: PCI Root Bridge [PCI0] (domain 0000 [bus 00-ff])
[    4.113871] acpi PNP0A03:00: _OSC: OS supports [ASPM ClockPM Segments MSI]
[    4.202238] acpi PNP0A03:00: _OSC failed (AE_NOT_FOUND); disabling ASPM
[    4.271989] acpi PNP0A03:00: fail to add MMCONFIG information, can't access extended PCI configuration space under this bridge.
[    4.380028] PCI host bridge to bus 0000:00
[    4.444373] pci_bus 0000:00: root bus resource [io  0x0000-0x0cf7 window]
[    4.476817] pci_bus 0000:00: root bus resource [io  0x0d00-0xffff window]
[    4.579366] pci_bus 0000:00: root bus resource [mem 0x000a0000-0x000bffff window]
[    4.701156] pci_bus 0000:00: root bus resource [mem 0x40000000-0xffdfffff window]
[    4.705875] pci_bus 0000:00: root bus resource [bus 00-ff]
[    4.745258] pci 0000:00:01.1: legacy IDE quirk: reg 0x10: [io  0x01f0-0x01f7]
[    4.804680] pci 0000:00:01.1: legacy IDE quirk: reg 0x14: [io  0x03f6]
[    4.805831] pci 0000:00:01.1: legacy IDE quirk: reg 0x18: [io  0x0170-0x0177]
[    4.807037] pci 0000:00:01.1: legacy IDE quirk: reg 0x1c: [io  0x0376]
[    4.822647] pci 0000:00:07.0: quirk: [io  0x4000-0x403f] claimed by PIIX4 ACPI
[    4.945939] pci 0000:00:07.0: quirk: [io  0x4100-0x410f] claimed by PIIX4 SMB
[    5.038655] ACPI: PCI Interrupt Link [LNKA] (IRQs 5 9 10 *11)
[    5.057630] ACPI: PCI Interrupt Link [LNKB] (IRQs 5 9 10 *11)
[    5.107010] ACPI: PCI Interrupt Link [LNKC] (IRQs 5 9 *10 11)
[    5.170064] ACPI: PCI Interrupt Link [LNKD] (IRQs 5 *9 10 11)
[    5.255141] ACPI: Enabled 2 GPEs in block 00 to 07
[    5.320784] vgaarb: setting as boot device: PCI:0000:00:02.0
[    5.383608] vgaarb: device added: PCI:0000:00:02.0,decodes=io+mem,owns=io+mem,locks=none
[    5.490111] vgaarb: loaded
[    5.497734] vgaarb: bridge control possible 0000:00:02.0
[    5.605689] SCSI subsystem initialized
[    5.615370] ACPI: bus type USB registered
[    5.616218] usbcore: registered new interface driver usbfs
[    5.638096] usbcore: registered new interface driver hub
[    5.727978] usbcore: registered new device driver usb
[    5.756661] PCI: Using ACPI for IRQ routing
[    5.775737] NetLabel: Initializing
[    5.780898] NetLabel:  domain hash size = 128
[    5.781587] NetLabel:  protocols = UNLABELED CIPSOv4
[    5.832674] NetLabel:  unlabeled traffic allowed by default
[    5.833858] amd_nb: Cannot enumerate AMD northbridges
[    5.918670] clocksource: Switched to clocksource kvm-clock
[    5.974573] AppArmor: AppArmor Filesystem Enabled
[    6.073825] pnp: PnP ACPI init
[    6.139056] pnp: PnP ACPI: found 3 devices
[    6.199387] clocksource: acpi_pm: mask: 0xffffff max_cycles: 0xffffff, max_idle_ns: 2085701024 ns
[    6.395112] NET: Registered protocol family 2
[    6.483893] TCP established hash table entries: 8192 (order: 4, 65536 bytes)
[    6.489152] TCP bind hash table entries: 8192 (order: 5, 131072 bytes)
[    6.561016] TCP: Hash tables configured (established 8192 bind 8192)
[    6.618842] UDP hash table entries: 512 (order: 2, 16384 bytes)
[    6.755599] UDP-Lite hash table entries: 512 (order: 2, 16384 bytes)
[    6.862838] NET: Registered protocol family 1
[    6.916451] pci 0000:00:00.0: Limiting direct PCI/PCI transfers
[    6.921745] pci 0000:00:01.0: Activating ISA DMA hang workarounds
[    6.973796] Unpacking initramfs...
[    7.219249] Freeing initrd memory: 15228K
[    7.309010] RAPL PMU detected, API unit is 2^-32 Joules, 3 fixed counters 10737418240 ms ovfl timer
[    7.355970] hw unit of domain pp0-core 2^-0 Joules
[    7.363594] hw unit of domain package 2^-0 Joules
[    7.366015] hw unit of domain pp1-gpu 2^-0 Joules
[    7.369985] platform rtc_cmos: registered platform RTC device (no PNP device found)
[    7.372716] Scanning for low memory corruption every 60 seconds
[    7.389941] audit: initializing netlink subsys (disabled)
[    7.444205] audit: type=2000 audit(1506270252.081:1): initialized
[    7.450605] Initialise system trusted keyring
[    7.473149] HugeTLB registered 2 MB page size, pre-allocated 0 pages
[    7.477464] zbud: loaded
[    7.481130] VFS: Disk quotas dquot_6.6.0
[    7.486466] VFS: Dquot-cache hash table entries: 512 (order 0, 4096 bytes)
[    7.489517] squashfs: version 4.0 (2009/01/31) Phillip Lougher
[    7.500189] fuse init (API version 7.23)
[    7.503756] Key type big_key registered
[    7.505024] Allocating IMA MOK and blacklist keyrings.
[    7.511498] Key type asymmetric registered
[    7.524957] Asymmetric key parser 'x509' registered
[    7.527703] Block layer SCSI generic (bsg) driver version 0.4 loaded (major 249)
[    7.620603] io scheduler noop registered
[    7.643015] io scheduler deadline registered (default)
[    7.654862] io scheduler cfq registered
[    7.684769] pci_hotplug: PCI Hot Plug PCI Core version: 0.5
[    7.734228] pciehp: PCI Express Hot Plug Controller Driver version: 0.4
[    7.739695] ACPI: AC Adapter [AC] (on-line)
[    7.740485] input: Power Button as /devices/LNXSYSTM:00/LNXPWRBN:00/input/input0
[    7.741794] ACPI: Power Button [PWRF]
[    7.742537] input: Sleep Button as /devices/LNXSYSTM:00/LNXSLPBN:00/input/input1
[    7.743978] ACPI: Sleep Button [SLPF]
[    7.744851] GHES: HEST is not enabled!
[    7.745622] Serial: 8250/16550 driver, 32 ports, IRQ sharing enabled
[    7.768440] 00:02: ttyS0 at I/O 0x3f8 (irq = 4, base_baud = 115200) is a 16550A
[    7.786751] Linux agpgart interface v0.103
[    7.838241] loop: module loaded
[    7.847221] scsi host0: ata_piix
[    7.859860] scsi host1: ata_piix
[    7.862767] ata1: PATA max UDMA/33 cmd 0x1f0 ctl 0x3f6 bmdma 0xd000 irq 14
[    7.865289] ata2: PATA max UDMA/33 cmd 0x170 ctl 0x376 bmdma 0xd008 irq 15
[    7.872350] libphy: Fixed MDIO Bus: probed
[    7.873364] tun: Universal TUN/TAP device driver, 1.6
[    7.874236] tun: (C) 1999-2004 Max Krasnyansky <maxk@qualcomm.com>
[    7.881772] PPP generic driver version 2.4.2
[    7.884037] ehci_hcd: USB 2.0 'Enhanced' Host Controller (EHCI) Driver
[    7.888254] ehci-pci: EHCI PCI platform driver
[    7.889074] ehci-platform: EHCI generic platform driver
[    7.891083] ohci_hcd: USB 1.1 'Open' Host Controller (OHCI) Driver
[    7.892111] ohci-pci: OHCI PCI platform driver
[    7.893180] ohci-platform: OHCI generic platform driver
[    7.946624] uhci_hcd: USB Universal Host Controller Interface driver
[    7.954511] i8042: PNP: PS/2 Controller [PNP0303:PS2K,PNP0f03:PS2M] at 0x60,0x64 irq 1,12
[    7.963553] serio: i8042 KBD port at 0x60,0x64 irq 1
[    7.965378] serio: i8042 AUX port at 0x60,0x64 irq 12
[    7.966168] mousedev: PS/2 mouse device common for all mice
[    7.967405] input: AT Translated Set 2 keyboard as /devices/platform/i8042/serio0/input/input2
[    7.994343] rtc_cmos rtc_cmos: rtc core: registered rtc_cmos as rtc0
[    7.997435] rtc_cmos rtc_cmos: alarms up to one day, 114 bytes nvram
[    8.075529] i2c /dev entries driver
[    8.077466] device-mapper: uevent: version 1.0.3
[    8.094922] device-mapper: ioctl: 4.34.0-ioctl (2015-10-28) initialised: dm-devel@redhat.com
[    8.181366] ledtrig-cpu: registered to indicate activity on CPUs
[    8.233778] NET: Registered protocol family 10
[    8.263275] NET: Registered protocol family 17
[    8.270119] Key type dns_resolver registered
[    8.280024] microcode: CPU0 sig=0x206a7, pf=0x10, revision=0x0
[    8.296600] microcode: CPU1 sig=0x206a7, pf=0x10, revision=0x0
[    8.318829] microcode: Microcode Update Driver: v2.01 <tigran@aivazian.fsnet.co.uk>, Peter Oruba
[    8.321319] registered taskstats version 1
[    8.345217] Loading compiled-in X.509 certificates
[    8.354592] Loaded X.509 cert 'Build time autogenerated kernel key: b1a6ea8776bed2812c00d8a799f968274ef48628'
[    8.366708] tsc: Refined TSC clocksource calibration: 3399.839 MHz
[    8.366710] clocksource: tsc: mask: 0xffffffffffffffff max_cycles: 0x3101b6e1fa7, max_idle_ns: 440795381157 ns
[    8.492812] zswap: loaded using pool lzo/zbud
[    8.495821] Key type trusted registered
[    8.500035] Key type encrypted registered
[    8.524995] AppArmor: AppArmor sha1 policy hashing enabled
[    8.551440] ima: No TPM chip found, activating TPM-bypass!
[    8.564050] evm: HMAC attrs: 0x1
[    8.587879]   Magic number: 1:893:439
[    8.591442] rtc_cmos rtc_cmos: setting system clock to 2017-09-24 16:24:13 UTC (1506270253)
[    8.613524] BIOS EDD facility v0.16 2004-Jun-25, 0 devices found
[    8.620590] EDD information not available.
[    8.622958] Freeing unused kernel memory: 1492K
[    8.624029] Write protecting the kernel read-only data: 14336k
[    8.629568] Freeing unused kernel memory: 1748K
[    8.649441] Freeing unused kernel memory: 112K
Loading, please wait...
starting version[    8.683883] random: systemd-udevd: uninitialized urandom read (16 bytes read, 2 bits of entropy available)
 229
[    8.684434] random: udevadm: uninitialized urandom read (16 bytes read, 2 bits of entropy available)
[    8.684485] random: udevadm: uninitialized urandom read (16 bytes read, 2 bits of entropy available)
[    8.684617] random: udevadm: uninitialized urandom read (16 bytes read, 2 bits of entropy available)
[    8.684666] random: udevadm: uninitialized urandom read (16 bytes read, 2 bits of entropy available)
[    8.684709] random: udevadm: uninitialized urandom read (16 bytes read, 2 bits of entropy available)
[    8.684753] random: udevadm: uninitialized urandom read (16 bytes read, 2 bits of entropy available)
[    8.684799] random: udevadm: uninitialized urandom read (16 bytes read, 2 bits of entropy available)
[    8.684841] random: udevadm: uninitialized urandom read (16 bytes read, 2 bits of entropy available)
[    8.684882] random: udevadm: uninitialized urandom read (16 bytes read, 2 bits of entropy available)
[    8.900798] Fusion MPT base driver 3.04.20
[    8.902067] Copyright (c) 1999-2008 LSI Corporation
[    8.911799] e1000: Intel(R) PRO/1000 Network Driver - version 7.3.21-k8-NAPI
[    8.932627] e1000: Copyright (c) 1999-2006 Intel Corporation.
[    8.962066] Fusion MPT SPI Host driver 3.04.20
[    8.979475] AVX version of gcm_enc/dec engaged.
[    9.025085] AES CTR mode by8 optimization enabled
[    9.025913] mptbase: ioc0: Initiating bringup
[    9.091056] ioc0: LSI53C1030 A0: Capabilities={Initiator}
[    9.166428] input: ImExPS/2 Generic Explorer Mouse as /devices/platform/i8042/serio1/input/input4
[    9.332049] scsi host2: ioc0: LSI53C1030 A0, FwRev=00000000h, Ports=1, MaxQ=256, IRQ=20
[    9.539078] scsi 2:0:0:0: Direct-Access     VBOX     HARDDISK         1.0  PQ: 0 ANSI: 5
[    9.606918] scsi target2:0:0: Beginning Domain Validation
[    9.612979] scsi target2:0:0: Domain Validation skipping write tests
[    9.623734] scsi target2:0:0: Ending Domain Validation
[    9.626088] scsi target2:0:0: asynchronous
[    9.637910] scsi 2:0:1:0: Direct-Access     VBOX     HARDDISK         1.0  PQ: 0 ANSI: 5
[    9.670743] scsi target2:0:1: Beginning Domain Validation
[    9.703394] scsi target2:0:1: Domain Validation skipping write tests
[    9.707750] scsi target2:0:1: Ending Domain Validation
[    9.708696] scsi target2:0:1: asynchronous
[    9.727283] sd 2:0:0:0: Attached scsi generic sg0 type 0
[    9.733498] sd 2:0:0:0: [sda] 20971520 512-byte logical blocks: (10.7 GB/10.0 GiB)
[    9.795706] sd 2:0:1:0: [sdb] 20480 512-byte logical blocks: (10.5 MB/10.0 MiB)
[    9.844100] sd 2:0:1:0: Attached scsi generic sg1 type 0
[    9.894606] e1000 0000:00:03.0 eth0: (PCI:33MHz:32-bit) 02:04:e4:df:e4:d8
[    9.894613] e1000 0000:00:03.0 eth0: Intel(R) PRO/1000 Network Connection
[    9.965132] e1000 0000:00:03.0 enp0s3: renamed from eth0
[    9.987673] sd 2:0:0:0: [sda] Write Protect is off
[    9.994558] sd 2:0:1:0: [sdb] Write Protect is off
[    9.995435] sd 2:0:0:0: [sda] Incomplete mode parameter data
[    9.995436] sd 2:0:0:0: [sda] Assuming drive cache: write through
[    9.996067]  sda: sda1
[    9.996571] sd 2:0:0:0: [sda] Attached SCSI disk
[   10.008087] sd 2:0:1:0: [sdb] Incomplete mode parameter data
[   10.008871] sd 2:0:1:0: [sdb] Assuming drive cache: write through
[   10.011819] sd 2:0:1:0: [sdb] Attached SCSI disk
[   12.031245] floppy0: no floppy controllers found
Begin: Loading e[   13.375733] md: linear personality registered for level -1
ssential drivers ... [   13.411934] md: multipath personality registered for level -4
[   13.525621] md: raid0 personality registered for level 0
[   13.613732] md: raid1 personality registered for level 1
[   13.746813] raid6: sse2x1   gen()  7243 MB/s
[   13.894928] raid6: sse2x1   xor()  5937 MB/s
[   14.051063] raid6: sse2x2   gen()  9530 MB/s
[   14.147163] raid6: sse2x2   xor()  9843 MB/s
[   14.230743] raid6: sse2x4   gen() 12692 MB/s
[   14.330842] raid6: sse2x4   xor() 11356 MB/s
[   14.375158] raid6: using algorithm sse2x4 gen() 12692 MB/s
[   14.475274] raid6: .... xor() 11356 MB/s, rmw enabled
[   14.568507] raid6: using ssse3x2 recovery algorithm
[   14.645268] xor: automatically using best checksumming function:
[   14.818780]    avx       : 23048.000 MB/sec
[   14.867692] async_tx: api initialized (async)
[   14.879262] md: raid6 personality registered for level 6
[   14.929004] md: raid5 personality registered for level 5
[   15.057343] md: raid4 personality registered for level 4
[   15.116831] md: raid10 personality registered for level 10
done.
Begin: Running /scripts/init-premount ...[   15.235528] Btrfs loaded
 done.
Begin: M[   15.331546] EXT4-fs (sda1): mounted filesystem with ordered data mode. Opts: (null)
ounting root file system ... Begin: Running /scripts/local-top ... done.
Begin: Running /scripts/local-premount ... Scanning for Btrfs filesystems
done.
Warning: fsck not present, so skipping root file system
done.
Begin: Running /scripts/local-bottom ... done.
Begin: Running /scripts/init-bottom ... done.
[   15.398656] systemd[1]: systemd 229 running in system mode. (+PAM +AUDIT +SELINUX +IMA +APPARMOR +SMACK +SYSVINIT +UTMP +LIBCRYPTSETUP +GCRYPT +GNUTLS +ACL +XZ -LZ4 +SECCOMP +BLKID +ELFUTILS +KMOD -IDN)
[   15.476535] systemd[1]: Detected virtualization oracle.
[   15.492909] systemd[1]: Detected architecture x86-64.

Welcome to [1mUbuntu 16.04.3 LTS[0m!

[   15.551717] systemd[1]: Set hostname to <ubuntu-xenial>.
[   15.681564] systemd[1]: Set up automount Arbitrary Executable File Formats File System Automount Point.
[[0;32m  OK  [0m] Set up automount Arbitrary Executab...ats File System Automount Point.
[   15.731394] systemd[1]: Listening on Device-mapper event daemon FIFOs.
[[0;32m  OK  [0m] Listening on Device-mapper event daemon FIFOs.
[   15.865009] systemd[1]: Reached target User and Group Name Lookups.
[[0;32m  OK  [0m] Reached target User and Group Name Lookups.
[   15.900144] systemd[1]: Listening on LVM2 metadata daemon socket.
[[0;32m  OK  [0m] Listening on LVM2 metadata daemon socket.
[   15.905705] systemd[1]: Listening on udev Control Socket.
[[0;32m  OK  [0m] Listening on udev Control Socket.
[   15.951192] systemd[1]: Listening on Journal Socket (/dev/log).
[[0;32m  OK  [0m] Listening on Journal Socket (/dev/log).
[   16.019188] systemd[1]: Listening on Journal Audit Socket.
[[0;32m  OK  [0m] Listening on Journal Audit Socket.
[   16.139249] systemd[1]: Reached target Swap.
[[0;32m  OK  [0m] Reached target Swap.
[   16.226822] systemd[1]: Reached target Encrypted Volumes.
[[0;32m  OK  [0m] Reached target Encrypted Volumes.
[   16.375209] systemd[1]: Created slice System Slice.
[[0;32m  OK  [0m] Created slice System Slice.
[   16.422158] systemd[1]: Listening on LVM2 poll daemon socket.
[[0;32m  OK  [0m] Listening on LVM2 poll daemon socket.
[   16.523328] systemd[1]: Created slice system-postgresql.slice.
[[0;32m  OK  [0m] Created slice system-postgresql.slice.
[   16.641826] systemd[1]: Listening on udev Kernel Socket.
[[0;32m  OK  [0m] Listening on udev Kernel Socket.
[   16.779392] systemd[1]: Started Trigger resolvconf update for networkd DNS.
[[0;32m  OK  [0m] Started Trigger resolvconf update for networkd DNS.
[   16.923170] systemd[1]: Created slice system-serial\x2dgetty.slice.
[[0;32m  OK  [0m] Created slice system-serial\x2dgetty.slice.
[   16.979288] systemd[1]: Started Forward Password Requests to Wall Directory Watch.
[[0;32m  OK  [0m] Started Forward Password Requests to Wall Directory Watch.
[   17.051168] systemd[1]: Listening on Journal Socket.
[[0;32m  OK  [0m] Listening on Journal Socket.
[   17.191245] systemd[1]: Starting Uncomplicated firewall...
         Starting Uncomplicated firewall...
[   17.318803] systemd[1]: Mounting POSIX Message Queue File System...
         Mounting POSIX Message Queue File System...
[   17.439001] systemd[1]: Starting Monitoring of LVM2 mirrors, snapshots etc. using dmeventd or progress polling...
         Starting Monitoring of LVM2 mirrors... dmeventd or progress polling...
[   17.507022] systemd[1]: Starting Create list of required static device nodes for the current kernel...
         Starting Create list of required st... nodes for the current kernel...
[   17.575217] systemd[1]: Mounting Huge Pages File System...
         Mounting Huge Pages File System...
[   17.659187] systemd[1]: Starting Load Kernel Modules...
[   17.667537] Loading iSCSI transport class v2.0-870.
         Startin[   17.752079] iscsi: registered transport (tcp)
g Load Kernel Modules...
[   17.834497] iscsi: registered transport (iser)
[   17.979099] systemd[1]: Starting Nameserver information manager...
         Starting Nameserver information manager...
[   18.087087] systemd[1]: Starting Remount Root and Kernel File Systems...
[   18.087431] random: nonblocking pool is initialized
[   18.089261] EXT4-fs (sda1): re-mounted. Opts: (null)
         Starting Remount Root and Kernel File Systems...
[   18.306767] systemd[1]: Mounting Debug File System...
         Mounting Debug File System...
[   18.342880] systemd[1]: Listening on /dev/initctl Compatibility Named Pipe.
[[0;32m  OK  [0m] Listening on /dev/initctl Compatibility Named Pipe.
[   18.502979] systemd[1]: Starting Set console keymap...
         Starting Set console keymap...
[   18.531238] systemd[1]: Created slice User and Session Slice.
[[0;32m  OK  [0m] Created slice User and Session Slice.
[   18.642566] systemd[1]: Reached target Slices.
[[0;32m  OK  [0m] Reached target Slices.
[   18.691230] systemd[1]: Listening on Syslog Socket.
[[0;32m  OK  [0m] Listening on Syslog Socket.
[   18.831270] systemd[1]: Starting Journal Service...
         Starting Journal Service...
[   18.939392] systemd[1]: Mounted Huge Pages File System.
[[0;32m  OK  [0m] Mounted Huge Pages File System.
[   19.055015] systemd[1]: Mounted POSIX Message Queue File System.
[[0;32m  OK  [0m] Mounted POSIX Message Queue File System.
[   19.082415] systemd[1]: Mounted Debug File System.
[[0;32m  OK  [0m] Mounted Debug File System.
[   19.143225] systemd[1]: Started Journal Service.
[[0;32m  OK  [0m] Started Journal Service.
[[0;32m  OK  [0m] Started Uncomplicated firewall.
[[0;32m  OK  [0m] Started Create list of required sta...ce nodes for the current kernel.
[[0;32m  OK  [0m] Started Load Kernel Modules.
[[0;32m  OK  [0m] Started Remount Root and Kernel File Systems.
[[0;32m  OK  [0m] Started Set console keymap.
[[0;32m  OK  [0m] Started Nameserver information manager.
[[0;32m  OK  [0m] Started LVM2 metadata daemon.
         Starting Initial cloud-init job (pre-networking)...
         Starting udev Coldplug all Devices...
         Starting Load/Save Random Seed...
         Mounting FUSE Control File System...
         Starting Apply Kernel Variables...
         Starting Create Static Device Nodes in /dev...
         Starting Flush Journal to Persistent Storage...
[[0;32m  OK  [0m] Mounted FUSE Control File System.
[[0;32m  OK  [0m] Started Load/Save Random Seed.
[[0;32m  OK  [0m] Started Apply Kernel Variables.
[[0;32m  OK  [0m] Started Create Static Device Nodes in /dev.
[[0;32m  OK  [0m] Started Monitoring of LVM2 mirrors,...ng dmeventd or progress polling.
[[0;32m  OK  [0m] Started udev Coldplug all Devices.
[[0;32m  OK  [0m] Started Flush Journal to Persistent Storage.
         Starting udev Kernel Device Manager...
[[0;32m  OK  [0m] Started udev Kernel Device Manager.
[[0;32m  OK  [0m] Reached target Local File Systems (Pre).
[   14.755454] cloud-init[444]: Cloud-init v. 0.7.9 running 'init-local' at Sun, 24 Sep 2017 16:24:24 +0000. Up 14.55 seconds.
[[0;32m  OK  [0m] Reached target Local File Systems.
         Starting Set console font and keymap...
         Starting LSB: AppArmor initialization...
         Starting Create Volatile Files and Directories...
         Starting Tell Plymouth To Write Out Runtime Data...
[[0;32m  OK  [0m] Started Dispatch Password Requests to Console Directory Watch.
[[0;32m  OK  [0m] Started Create Volatile Files and Directories.
[[0;32m  OK  [0m] Started Tell Plymouth To Write Out Runtime Data.
[[0;32m  OK  [0m] Started Initial cloud-init job (pre-networking).
[[0;32m  OK  [0m] Found device /dev/ttyS0.
[[0;32m  OK  [0m] Started Set console font and keymap.
[[0;32m  OK  [0m] Started LSB: AppArmor initialization.
[[0;32m  OK  [0m] Listening on Load/Save RF Kill Switch Status /dev/rfkill Watch.
[[0;32m  OK  [0m] Created slice system-getty.slice.
[[0;32m  OK  [0m] Reached target Network (Pre).
         Starting Raise network interfaces...
[[0;32m  OK  [0m] Started ifup for enp0s3.
[[0;32m  OK  [0m] Reached target System Time Synchronized.
         Starting Update UTMP about System Boot/Shutdown...
[[0;32m  OK  [0m] Started Update UTMP about System Boot/Shutdown.
[[0;32m  OK  [0m] Started Raise network interfaces.
[[0;32m  OK  [0m] Reached target Network.
         Starting Initial cloud-init job (metadata service crawler)...
[   18.478740] cloud-init[960]: Cloud-init v. 0.7.9 running 'init' at Sun, 24 Sep 2017 16:24:28 +0000. Up 18.28 seconds.
[   18.490358] cloud-init[960]: ci-info: +++++++++++++++++++++++++++++++++++++Net device info+++++++++++++++++++++++++++++++++++++
[   18.527966] [cloud-init[0;32m  OK  [0m[960]: ] ci-info: +--------+------+---------------------------+---------------+-------+-------------------+Started Initial cloud-init job (metadata service crawler).

[   18.528368] cloud-init[960]: ci-info: | Device |  Up  |          Address          |      Mask     | Scope |     Hw-Address    |
[   18.824324] [cloud-init[0;32m  OK  [0m[960]: ] ci-info: +--------+------+---------------------------+---------------+-------+-------------------+Reached target System Initialization.

[   18.918430] [cloud-init[0;32m  OK  [0m[960]: ] ci-info: | enp0s3 | True |         10.0.2.15         | 255.255.255.0 |   .   | 02:04:e4:df:e4:d8 |Started ACPI Events Check.

[[0;32m  OK  [0m] Reached target Paths.
[[0;32m  OK  [0m] Started Daily Cleanup of Temporary Directories.
[   18.918864] cloud-init[960]: ci-info: | enp0s3 | True | fe80::4:e4ff:fedf:e4d8/64 |       .       |  link | 02:04:e4:df:e4:d8 |
[   19.169668] [cloud-init[0;32m  OK  [0m[960]: ] ci-info: |   lo   | True |         127.0.0.1         |   255.0.0.0   |   .   |         .         |Listening on D-Bus System Message Bus Socket.

[   19.170071] cloud-init[960]: ci-info: |   lo   | True |          ::1/128          |       .       |  host |         .         |
[   19.388361] [[0;32m  OK  [0m] Started Clean PHP session files every 30 mins.
cloud-init[960]: ci-info: +--------+------+---------------------------+---------------+-------+-------------------+
[   19.424683]          Starting Socket activation for snappy daemon.
[[0;32m  OK  [0m] Listening on ACPID Listen Socket.
cloud-init[960]: ci-info: +++++++++++++++++++++++++++Route IPv4 info++++++++++++++++++++++++++++
[   19.550613]          cloud-initStarting LXD - unix socket.[960]: 
ci-info: +-------+-------------+----------+---------------+-----------+-------+
[   19.553445] [cloud-init[0;32m  OK  [0m[960]: ] ci-info: | Route | Destination | Gateway  |    Genmask    | Interface | Flags |Started Timer to automatically refresh installed snaps.

[   19.553799] [cloud-init[0;32m  OK  [0m[960]: ] ci-info: +-------+-------------+----------+---------------+-----------+-------+Listening on UUID daemon activation socket.

[   19.645527] [cloud-init[0;32m  OK  [0m[960]: ] ci-info: |   0   |   0.0.0.0   | 10.0.2.2 |    0.0.0.0    |   enp0s3  |   UG  |Reached target Network is Online.

[   19.824280]          cloud-initStarting iSCSI initiator daemon (iscsid)...[960]: 
ci-info: |   1   |   10.0.2.0  | 0.0.0.0  | 255.255.255.0 |   enp0s3  |   U   |
[[0;32m  OK  [0m] Started Daily apt download activities.
[[0;32m  OK  [0m] Started Daily apt upgrade and clean activities.
[   19.824680] cloud-init[960]: ci-info: +-------+-------------+----------+---------------+-----------+-------+
[[0;32m  OK  [0m] Reached target Timers.
[[0;32m  OK  [0m] Reached target Cloud-config availability.
[[0;32m  OK  [0m] Listening on Socket activation for snappy daemon.
[[0;32m  OK  [0m] Listening on LXD - unix socket.
[[0;32m  OK  [0m] Started iSCSI initiator daemon (iscsid).
         Starting Login to default iSCSI targets...
[[0;32m  OK  [0m] Reached target Sockets.
[[0;32m  OK  [0m] Reached target Basic System.
[[0;32m  OK  [0m] Started Unattended Upgrades Shutdown.
         Starting Apply the settings specified in cloud-config...
         Starting LSB: MD monitoring daemon...
         Starting OpenBSD Secure Shell server...
[[0;32m  OK  [0m] Started D-Bus System Message Bus.
         Starting System Logging Service...
         Starting Login Service...
         Starting PostgreSQL Cluster 9.5-main...
         Starting LSB: Record successful boot for GRUB...
[   20.961081] cloud-init[1018]: Cloud-init v. 0.7.9 running 'modules:config' at Sun, 24 Sep 2017 16:24:31 +0000. Up 20.88 seconds.
[[0;32m  OK  [0m] Started ACPI event daemon.
[[0;32m  OK  [0m] Started FUSE filesystem for LXC.
[[0;32m  OK  [0m] Started Regular background program processing daemon.
         Starting Accounts Service...
         Starting /etc/rc.local Compatibility...
[[0;32m  OK  [0m] Started Deferred execution scheduler.
         Starting LXD - container startup/shutdown...
[[0;32m  OK  [0m] Started Snappy daemon.
         Starting Auto import assertions from block devices...
[[0;32m  OK  [0m] Started OpenBSD Secure Shell server.
[[0;32m  OK  [0m] Started System Logging Service.
[[0;32m  OK  [0m] Started Apply the settings specified in cloud-config.
[[0;32m  OK  [0m] Started /etc/rc.local Compatibility.
[[0;32m  OK  [0m] Started LXD - container startup/shutdown.
[[0;32m  OK  [0m] Started Auto import assertions from block devices.
[[0;32m  OK  [0m] Started Login to default iSCSI targets.
[[0;32m  OK  [0m] Started LSB: MD monitoring daemon.
[[0;32m  OK  [0m] Started LSB: Record successful boot for GRUB.
[[0;32m  OK  [0m] Started Login Service.
         Starting Authenticate and Authorize Users to Run Privileged Tasks...
[[0;32m  OK  [0m] Reached target Remote File Systems (Pre).
[[0;32m  OK  [0m] Reached target Remote File Systems.
         Starting LSB: Start/stop sysstat's sadc...
         Starting Permit User Sessions...
         Starting LSB: Set the CPU Frequency Scaling governor to "ondemand"...
         Starting LSB: VirtualBox Linux Additions...
         Starting LSB: Apache2 web server...
         Starting LSB: automatic crash report generation...
         Starting LSB: daemon to balance interrupts for SMP systems...
[[0;32m  OK  [0m] Started Permit User Sessions.
[[0;32m  OK  [0m] Started Authenticate and Authorize Users to Run Privileged Tasks.
[[0;32m  OK  [0m] Started Accounts Service.
[[0;32m  OK  [0m] Started LSB: Start/stop sysstat's sadc.
[[0;32m  OK  [0m] Started LSB: Set the CPU Frequency Scaling governor to "ondemand".
[[0;32m  OK  [0m] Created slice User Slice of ubuntu.
         Starting User Manager for UID 1000...
[[0;32m  OK  [0m] Started Session 1 of user ubuntu.
         Starting Hold until boot process finishes up...
         Starting Terminate Plymouth Boot Screen...
[[0;32m  OK  [0m] Started User Manager for UID 1000.
[[0;32m  OK  [0m] Started LSB: VirtualBox Linux Additions.
[[0;32m  OK  [0m] Started LSB: automatic crash report generation.
[[0;32m  OK  [0m] Started LSB: daemon to balance interrupts for SMP systems.
[[0;32m  OK  [0m] Started Hold until boot process finishes up.
[[0;32m  OK  [0m] Started Terminate Plymouth Boot Screen.
[[0;32m  OK  [0m] Started Getty on tty1.
         Starting Set console scheme...
[[0;32m  OK  [0m] Started Serial Getty on ttyS0.
[[0;32m  OK  [0m] Reached target Login Prompts.
[[0;32m  OK  [0m] Started Set console scheme.
[[0;32m  OK  [0m] Started PostgreSQL Cluster 9.5-main.
         Starting PostgreSQL RDBMS...
[[0;32m  OK  [0m] Started PostgreSQL RDBMS.
[[0;32m  OK  [0m] Started LSB: Apache2 web server.
[[0;32m  OK  [0m] Reached target Multi-User System.
         Starting Execute cloud user/final scripts...
[[0;32m  OK  [0m] Reached target Graphical Interface.
         Starting Update UTMP about System Runlevel Changes...
[[0;32m  OK  [0m] Started Update UTMP about System Runlevel Changes.
[   23.678597] cloud-init[1320]: Cloud-init v. 0.7.9 running 'modules:final' at Sun, 24 Sep 2017 16:24:33 +0000. Up 23.57 seconds.
[   23.686252] cloud-init[1320]: Cloud-init v. 0.7.9 finished at Sun, 24 Sep 2017 16:24:33 +0000. Datasource DataSourceNoCloud [seed=/dev/sdb][dsmode=net].  Up 23.66 seconds
[[0;32m  OK  [0m] Started Execute cloud user/final scripts.
[[0;32m  OK  [0m] Reached target Cloud-init target.

Ubuntu 16.04.3 LTS ubuntu-xenial ttyS0

ubuntu-xenial login: 